<?xml version="1.0" encoding="UTF-8"?>
<testsuite xmlns:xsi="http://www.w3.org/2001/XMLSchema-instance" xsi:noNamespaceSchemaLocation="https://maven.apache.org/surefire/maven-surefire-plugin/xsd/surefire-test-report-3.0.xsd" version="3.0" name="com.testproject.security.RegistrationServiceTest" time="5.594" tests="3" errors="1" skipped="0" failures="0">
  <properties>
[...]
</properties>
  <testcase name="successRegistrationTest" classname="com.testproject.security.RegistrationServiceTest" time="0.042">
    <error message="No value present" type="java.util.NoSuchElementException"><![CDATA[java.util.NoSuchElementException: No value present
	at java.base/java.util.Optional.get(Optional.java:143)
	at com.testproject.security.service.UserService.createNewUser(UserService.java:76)
	at com.testproject.security.controllers.RegistrationController.registration(RegistrationController.java:56)
	at com.testproject.security.RegistrationServiceTest.successRegistrationTest(RegistrationServiceTest.java:74)
	at java.base/java.lang.reflect.Method.invoke(Method.java:580)
	at java.base/java.util.ArrayList.forEach(ArrayList.java:1596)
	at java.base/java.util.ArrayList.forEach(ArrayList.java:1596)
]]></error>
    <system-out><![CDATA[16:29:45.491 [main] INFO org.springframework.test.context.support.AnnotationConfigContextLoaderUtils -- Could not detect default configuration classes for test class [com.testproject.security.RegistrationServiceTest]: RegistrationServiceTest does not declare any static, non-private, non-final, nested classes annotated with @Configuration.
16:29:45.581 [main] INFO org.springframework.boot.test.context.SpringBootTestContextBootstrapper -- Found @SpringBootConfiguration com.testproject.security.SecurityApplication for test class com.testproject.security.RegistrationServiceTest

  .   ____          _            __ _ _
 /\\ / ___'_ __ _ _(_)_ __  __ _ \ \ \ \
( ( )\___ | '_ | '_| | '_ \/ _` | \ \ \ \
 \\/  ___)| |_)| | | | | || (_| |  ) ) ) )
  '  |____| .__|_| |_|_| |_\__, | / / / /
 =========|_|==============|___/=/_/_/_/
 :: Spring Boot ::                (v3.2.3)

2024-05-20T16:29:46.981+05:00  INFO 14124 --- [           main] c.t.security.RegistrationServiceTest     : Starting RegistrationServiceTest using Java 21 with PID 14124 (started by rshal in C:\Users\rshal\IdeaProjects\Spring-Security-JWT-Auth)
2024-05-20T16:29:46.983+05:00  INFO 14124 --- [           main] c.t.security.RegistrationServiceTest     : No active profile set, falling back to 1 default profile: "default"
2024-05-20T16:29:47.792+05:00  INFO 14124 --- [           main] .s.d.r.c.RepositoryConfigurationDelegate : Bootstrapping Spring Data JPA repositories in DEFAULT mode.
2024-05-20T16:29:47.852+05:00  INFO 14124 --- [           main] .s.d.r.c.RepositoryConfigurationDelegate : Finished Spring Data repository scanning in 51 ms. Found 2 JPA repository interfaces.
2024-05-20T16:29:48.339+05:00  INFO 14124 --- [           main] o.hibernate.jpa.internal.util.LogHelper  : HHH000204: Processing PersistenceUnitInfo [name: default]
2024-05-20T16:29:48.407+05:00  INFO 14124 --- [           main] org.hibernate.Version                    : HHH000412: Hibernate ORM core version 6.4.4.Final
2024-05-20T16:29:48.442+05:00  INFO 14124 --- [           main] o.h.c.internal.RegionFactoryInitiator    : HHH000026: Second-level cache disabled
2024-05-20T16:29:48.563+05:00  INFO 14124 --- [           main] o.s.o.j.p.SpringPersistenceUnitInfo      : No LoadTimeWeaver setup: ignoring JPA class transformer
2024-05-20T16:29:48.588+05:00  INFO 14124 --- [           main] com.zaxxer.hikari.HikariDataSource       : HikariPool-1 - Starting...
2024-05-20T16:29:48.791+05:00  INFO 14124 --- [           main] com.zaxxer.hikari.pool.HikariPool        : HikariPool-1 - Added connection org.postgresql.jdbc.PgConnection@6949cead
2024-05-20T16:29:48.793+05:00  INFO 14124 --- [           main] com.zaxxer.hikari.HikariDataSource       : HikariPool-1 - Start completed.
2024-05-20T16:29:48.844+05:00  WARN 14124 --- [           main] org.hibernate.orm.deprecation            : HHH90000025: PostgreSQLDialect does not need to be specified explicitly using 'hibernate.dialect' (remove the property setting and it will be selected by default)
2024-05-20T16:29:49.581+05:00  INFO 14124 --- [           main] o.h.e.t.j.p.i.JtaPlatformInitiator       : HHH000489: No JTA platform available (set 'hibernate.transaction.jta.platform' to enable JTA platform integration)
2024-05-20T16:29:49.661+05:00  INFO 14124 --- [           main] j.LocalContainerEntityManagerFactoryBean : Initialized JPA EntityManagerFactory for persistence unit 'default'
2024-05-20T16:29:50.169+05:00  WARN 14124 --- [           main] JpaBaseConfiguration$JpaWebConfiguration : spring.jpa.open-in-view is enabled by default. Therefore, database queries may be performed during view rendering. Explicitly configure spring.jpa.open-in-view to disable this warning
2024-05-20T16:29:50.485+05:00  INFO 14124 --- [           main] o.s.s.web.DefaultSecurityFilterChain     : Will secure any request with [org.springframework.security.web.session.DisableEncodeUrlFilter@7f5b0926, org.springframework.security.web.context.request.async.WebAsyncManagerIntegrationFilter@6eac71db, org.springframework.security.web.context.SecurityContextHolderFilter@27e42fe8, org.springframework.security.web.header.HeaderWriterFilter@16021f6e, org.springframework.web.filter.CorsFilter@48a32c4f, org.springframework.security.web.authentication.logout.LogoutFilter@625430f8, com.testproject.security.configs.JwtRequestFilter@70ca8e72, org.springframework.security.web.savedrequest.RequestCacheAwareFilter@71739267, org.springframework.security.web.servletapi.SecurityContextHolderAwareRequestFilter@6d810e94, org.springframework.security.web.authentication.AnonymousAuthenticationFilter@25af2afe, org.springframework.security.web.access.ExceptionTranslationFilter@2fc51562, org.springframework.security.web.access.intercept.AuthorizationFilter@23e0b938]
2024-05-20T16:29:50.860+05:00  INFO 14124 --- [           main] c.t.security.RegistrationServiceTest     : Started RegistrationServiceTest in 4.204 seconds (process running for 5.982)
]]></system-out>
    <system-err><![CDATA[WARNING: A Java agent has been loaded dynamically (C:\Users\rshal\.m2\repository\net\bytebuddy\byte-buddy-agent\1.14.12\byte-buddy-agent-1.14.12.jar)
WARNING: If a serviceability tool is in use, please run with -XX:+EnableDynamicAgentLoading to hide this warning
WARNING: If a serviceability tool is not in use, please run with -Djdk.instrument.traceUsage for more information
WARNING: Dynamic loading of agents will be disallowed by default in a future release
]]></system-err>
  </testcase>
  <testcase name="passwordsNotMatches" classname="com.testproject.security.RegistrationServiceTest" time="0.008"/>
  <testcase name="emptyUserTest" classname="com.testproject.security.RegistrationServiceTest" time="0.003"/>
</testsuite>